----------- job starts on Sat Jan 2 15:21:54 JST 2021 ----------

 rank_xyz           9           2           0           1
 rank_xyz          11           2           1           1
 rank_xyz           1           0           0           1
 rank_xyz           2           0           1           0
 rank_xyz           8           2           0           0
 rank_xyz           7           1           1           1
 rank_xyz           3           0           1           1
 rank_xyz           4           1           0           0
 rank_xyz           6           1           1           0
 rank_xyz           0           0           0           0
 rank_xyz           5           1           0           1
 rank_xyz          10           2           1           0
 &SIMULATION
 TOTAL_NLOOP     =        4000
 /
 &VISUALIZATION
 SLICEDATA_NSKIP =         100
 /
 &OUTPUT_FILE
 SLICEDATA_FILE  = ./_data_slice                                                                                                     
                                                                                       
 /
 &FLUID_PROPERTY
 &SIMULATION
 TOTAL_NLOOP     =        4000
 /
 &VISUALIZATION
 SLICEDATA_NSKIP =         100
 /
 &OUTPUT_FILE
 SLICEDATA_FILE  = ./_data_slice                                                                                                     
                                                                                       
 /
 &FLUID_PROPERTY
 VISCOSITY       =  2.000000000000000E-002,
 KAPPA   =  2.000000000000000E-002
 /
 &FLAGS
 VISCOSITY       =  2.000000000000000E-002,
 KAPPA   =  2.000000000000000E-002
 /
 &FLAGS
 DEBUG   = F
 /
 DEBUG   = F
 /
 &SIMULATION
 TOTAL_NLOOP     =        4000
 /
 &VISUALIZATION
 SLICEDATA_NSKIP =         100
 /
 &OUTPUT_FILE
 SLICEDATA_FILE  = ./_data_slice                                                                                                     
                                                                                       
 /
 &FLUID_PROPERTY
 VISCOSITY       =  2.000000000000000E-002,
 KAPPA   =  2.000000000000000E-002
 /
 &FLAGS
 &SIMULATION
 TOTAL_NLOOP     =        4000
 /
 DEBUG   = F
 /
 &VISUALIZATION
 SLICEDATA_NSKIP =         100
 /
 &OUTPUT_FILE
 SLICEDATA_FILE  = ./_data_slice                                                                                                     
                                                                                       
 /
 &FLUID_PROPERTY
 VISCOSITY       =  2.000000000000000E-002,
 KAPPA   =  2.000000000000000E-002
 /
 &FLAGS
 DEBUG   = F
 /
 &SIMULATION
 TOTAL_NLOOP     =        4000
 /
 &VISUALIZATION
 SLICEDATA_NSKIP =         100
 /
 &OUTPUT_FILE
 SLICEDATA_FILE  = ./_data_slice                                                                                                     
                                                                                       
 /
 &FLUID_PROPERTY
 VISCOSITY       =  2.000000000000000E-002,
 KAPPA   =  2.000000000000000E-002
 /
 &FLAGS
 DEBUG   = F
 /
 &SIMULATION
 &SIMULATION
 TOTAL_NLOOP     =        4000
 /
 &VISUALIZATION
 SLICEDATA_NSKIP =         100
 /
 &OUTPUT_FILE
 SLICEDATA_FILE  = ./_data_slice                                                                                                     
                                                                                       
 TOTAL_NLOOP     =        4000
 /
 &VISUALIZATION
 SLICEDATA_NSKIP =         100
 /
 &OUTPUT_FILE
 SLICEDATA_FILE  = ./_data_slice                                                                                                     
                                                                                       
 /
 &FLUID_PROPERTY
 VISCOSITY       =  2.000000000000000E-002,
 &SIMULATION
 TOTAL_NLOOP     =        4000
 /
 &VISUALIZATION
 SLICEDATA_NSKIP =         100
 /
 &OUTPUT_FILE
 SLICEDATA_FILE  = ./_data_slice                                                                                                     
                                                                                       
 /
 &FLUID_PROPERTY
 VISCOSITY       =  2.000000000000000E-002,
 KAPPA   =  2.000000000000000E-002
 /
 &FLAGS
 DEBUG   = F
 /
 /
 &FLUID_PROPERTY
 VISCOSITY       =  2.000000000000000E-002,
 KAPPA   =  2.000000000000000E-002
 /
 &FLAGS
 DEBUG   = F
 /
 KAPPA   =  2.000000000000000E-002
 /
 &FLAGS
 DEBUG   = F
 /
 &SIMULATION
 TOTAL_NLOOP     =        4000
 /
 &VISUALIZATION
 SLICEDATA_NSKIP =         100
 /
 &OUTPUT_FILE
 &SIMULATION
 TOTAL_NLOOP     =        4000
 /
 SLICEDATA_FILE  = ./_data_slice                                                                                                     
                                                                                       
 /
 &FLUID_PROPERTY
 VISCOSITY       =  2.000000000000000E-002,
 KAPPA   =  2.000000000000000E-002
 /
 &FLAGS
 &VISUALIZATION
 SLICEDATA_NSKIP =         100
 /
 &OUTPUT_FILE
 SLICEDATA_FILE  = ./_data_slice                                                                                                     
                                                                                       
 /
 &FLUID_PROPERTY
 DEBUG   = F
 /
 VISCOSITY       =  2.000000000000000E-002,
 KAPPA   =  2.000000000000000E-002
 /
 &FLAGS
 DEBUG   = F
 /
 &SIMULATION
 TOTAL_NLOOP     =        4000
 /
 &VISUALIZATION
 SLICEDATA_NSKIP =         100
 /
 &OUTPUT_FILE
 SLICEDATA_FILE  = ./_data_slice                                                                                                     
                                                                                       
 /
 &FLUID_PROPERTY
 VISCOSITY       =  2.000000000000000E-002,
 KAPPA   =  2.000000000000000E-002
 /
 &FLAGS
 DEBUG   = F
 /
 &SIMULATION
 TOTAL_NLOOP     =        4000
 /
 &VISUALIZATION
 SLICEDATA_NSKIP =         100
 /
 &OUTPUT_FILE
 SLICEDATA_FILE  = ./_data_slice                                                                                                     
                                                                                       
 /
 &FLUID_PROPERTY
 VISCOSITY       =  2.000000000000000E-002,
 KAPPA   =  2.000000000000000E-002
 /
 &FLAGS
 DEBUG   = F
 /
 #max vel:                     0  0.000000000000000E+000  0.000000000000000E+000
 #flow energy:                      0  0.000000000000000E+000
  0.000000000000000E+000
 #total mass:                      0  0.000000000000000E+000
   3.19261850649329     
 > dt =   6.959772980020309E-005
 > dt =   6.959772980020309E-005
 > dt =   6.959772980020309E-005
 > dt =   6.959772980020309E-005
 > dt =   6.959772980020309E-005
 > dt =   6.959772980020309E-005
 > dt =   6.959772980020309E-005
 > dt =   6.959772980020309E-005
 > dt =   6.959772980020309E-005
 > dt =   6.959772980020309E-005
 > dt =   6.959772980020309E-005
 > dt =   6.959772980020309E-005
 > dt =   6.959772979654324E-005
 > dt =   6.959772979654324E-005
 > dt =   6.959771915876417E-005
 > dt =   6.959771915876417E-005
 > dt =   6.959771915876417E-005
 > dt =   6.959771915876417E-005
 > dt =   6.959772980020309E-005
 > dt =   6.959772979821072E-005
 > dt =   6.959772979654324E-005
 > dt =   6.959772979654324E-005
 > dt =   6.959772980020309E-005
 > dt =   6.959772980020309E-005
 #max vel:                   100  6.959203213401112E-003   8.68453452363435     
 #flow energy:                    100  6.959203213401112E-003
  0.200627744403076     
 #total mass:                    100  6.959203213401112E-003
   3.19261850706854     
 #slice data saved at                    100  6.959203213401112E-003
 #max vel:                   200  1.391850972830747E-002   11.5346977302359     
 #flow energy:                    200  1.391850972830747E-002
  0.300607958990044     
 #total mass:                    200  1.391850972830747E-002
   3.19261850818470     
 #slice data saved at                    200  1.391850972830747E-002
 #max vel:                   300  2.087785433604674E-002   11.6511559724137     
 #flow energy:                    300  2.087785433604674E-002
  0.263392294602365     
 #total mass:                    300  2.087785433604674E-002
   3.19261850850688     
 #slice data saved at                    300  2.087785433604674E-002
 #max vel:                   400  2.783707091603514E-002   11.6237312625779     
 #flow energy:                    400  2.783707091603514E-002
  0.234080637935854     
 #total mass:                    400  2.783707091603514E-002
   3.19261850800900     
 #slice data saved at                    400  2.783707091603514E-002
 #max vel:                   500  3.479621150440094E-002   11.5348631754413     
 #flow energy:                    500  3.479621150440094E-002
  0.209778471069028     
 #total mass:                    500  3.479621150440094E-002
   3.19261850728610     
 #slice data saved at                    500  3.479621150440094E-002
 #max vel:                   600  4.175525160182806E-002   11.0639782387486     
 #flow energy:                    600  4.175525160182806E-002
  0.189371769510975     
 #total mass:                    600  4.175525160182806E-002
   3.19261850994529     
 #slice data saved at                    600  4.175525160182806E-002
 #max vel:                   700  4.871423461297700E-002   10.1949757196502     
 #flow energy:                    700  4.871423461297700E-002
  0.172149970707428     
 #total mass:                    700  4.871423461297700E-002
   3.19261850697908     
 #slice data saved at                    700  4.871423461297700E-002
 #max vel:                   800  5.567316834945876E-002   9.93253358398193     
 #flow energy:                    800  5.567316834945876E-002
  0.157557160521276     
 #total mass:                    800  5.567316834945876E-002
   3.19261851025248     
 #slice data saved at                    800  5.567316834945876E-002
 #max vel:                   900  6.263207810037759E-002   9.40566419923314     
 #flow energy:                    900  6.263207810037759E-002
  0.144975278717899     
 #total mass:                    900  6.263207810037759E-002
   3.19261850912228     
 #slice data saved at                    900  6.263207810037759E-002
 #max vel:                  1000  6.959100305906073E-002   8.58370111461231     
 #flow energy:                   1000  6.959100305906073E-002
  0.133953810414122     
 #total mass:                   1000  6.959100305906073E-002
   3.19261850883900     
 #slice data saved at                   1000  6.959100305906073E-002
 > dt =   6.959740570637170E-005
 > dt =   6.959740570637170E-005
 > dt =   6.958919312353194E-005
 > dt =   6.958919312353194E-005
 > dt =   6.958919312353194E-005
 > dt =   6.959546586405516E-005
 > dt =   6.959546586405516E-005
 > dt =   6.959546586405516E-005
 > dt =   6.959546586405516E-005
 > dt =   6.959740570637170E-005
 > dt =   6.959740570637170E-005
 > dt =   6.958919312353194E-005
 #max vel:                  1100  7.654993702035491E-002   8.35292793262491     
 #flow energy:                   1100  7.654993702035491E-002
  0.124302763052999     
 #total mass:                   1100  7.654993702035491E-002
   3.19261851044423     
 #slice data saved at                   1100  7.654993702035491E-002
 #max vel:                  1200  8.350891589400612E-002   7.57384912563598     
 #flow energy:                   1200  8.350891589400612E-002
  0.115852410765095     
 #total mass:                   1200  8.350891589400612E-002
   3.19261850931565     
 #slice data saved at                   1200  8.350891589400612E-002
 #max vel:                  1300  9.046793699155996E-002   7.38848231558126     
 #flow energy:                   1300  9.046793699155996E-002
  0.108425403938108     
 #total mass:                   1300  9.046793699155996E-002
   3.19261851089076     
 #slice data saved at                   1300  9.046793699155996E-002
 #max vel:                  1400  9.742700147170995E-002   6.76274910190311     
 #flow energy:                   1400  9.742700147170995E-002
  0.101755211306105     
 #total mass:                   1400  9.742700147170995E-002
   3.19261851055094     
 #slice data saved at                   1400  9.742700147170995E-002
 #max vel:                  1500  0.104386125791498        6.59244462728764     
 #flow energy:                   1500  0.104386125791498     
  9.568932863425261E-002
 #total mass:                   1500  0.104386125791498     
   3.19261851038844     
 #slice data saved at                   1500  0.104386125791498     
 #max vel:                  1600  0.111345289468842        6.07501117870498     
 #flow energy:                   1600  0.111345289468842     
  9.020321407362457E-002
 #total mass:                   1600  0.111345289468842     
   3.19261851106507     
 #slice data saved at                   1600  0.111345289468842     
 #max vel:                  1700  0.118304509048058        5.92477514520051     
 #flow energy:                   1700  0.118304509048058     
  8.526175496402551E-002
 #total mass:                   1700  0.118304509048058     
   3.19261851062850     
 #slice data saved at                   1700  0.118304509048058     
 #max vel:                  1800  0.125263774953841        5.57182499382661     
 #flow energy:                   1800  0.125263774953841     
  8.079308876281627E-002
 #total mass:                   1800  0.125263774953841     
   3.19261851112775     
 #slice data saved at                   1800  0.125263774953841     
 #max vel:                  1900  0.132223080244766        5.32414364066411     
 #flow energy:                   1900  0.132223080244766     
  7.666368351108103E-002
 #total mass:                   1900  0.132223080244766     
   3.19261851098186     
 #slice data saved at                   1900  0.132223080244766     
 #max vel:                  2000  0.139182435718930        5.11939942724448     
 #flow energy:                   2000  0.139182435718930     
  7.281837847216888E-002
 #total mass:                   2000  0.139182435718930     
   3.19261851099852     
 #slice data saved at                   2000  0.139182435718930     
 > dt =   6.959592064939322E-005
 > dt =   6.959592064939322E-005
 > dt =   6.959367897631959E-005
 > dt =   6.959367897631959E-005
 > dt =   6.959367897631959E-005
 > dt =   6.959367897631959E-005
 > dt =   6.959592064939322E-005
 > dt =   6.959592064939322E-005
 > dt =   6.959744614103723E-005
 > dt =   6.959744614103737E-005
 > dt =   6.959744614103738E-005
 > dt =   6.959744614103743E-005
 #max vel:                  2100  0.146141821428483        4.81068271299242     
 #flow energy:                   2100  0.146141821428483     
  6.927967664258644E-002
 #total mass:                   2100  0.146141821428483     
   3.19261851114528     
 #slice data saved at                   2100  0.146141821428483     
 #max vel:                  2200  0.153101248433609        4.67527964149345     
 #flow energy:                   2200  0.153101248433609     
  6.603957750904951E-002
 #total mass:                   2200  0.153101248433609     
   3.19261851107911     
 #slice data saved at                   2200  0.153101248433609     
 #max vel:                  2300  0.160060709129876        4.48657917255568     
 #flow energy:                   2300  0.160060709129876     
  6.305829064601630E-002
 #total mass:                   2300  0.160060709129876     
   3.19261851127619     
 #slice data saved at                   2300  0.160060709129876     
 #max vel:                  2400  0.167020195811517        4.25474136541785     
 #flow energy:                   2400  0.167020195811517     
  6.025793682840708E-002
 #total mass:                   2400  0.167020195811517     
   3.19261851127652     
 #slice data saved at                   2400  0.167020195811517     
 #max vel:                  2500  0.173979718304363        4.12710534396898     
 #flow energy:                   2500  0.173979718304363     
  5.761874590472020E-002
 #total mass:                   2500  0.173979718304363     
   3.19261851136796     
 #slice data saved at                   2500  0.173979718304363     
 #max vel:                  2600  0.180939259970551        3.98902569716184     
 #flow energy:                   2600  0.180939259970551     
  5.516917940662386E-002
 #total mass:                   2600  0.180939259970551     
   3.19261851132686     
 #slice data saved at                   2600  0.180939259970551     
 #max vel:                  2700  0.187898829375544        3.81655915643786     
 #flow energy:                   2700  0.187898829375544     
  5.290389042147974E-002
 #total mass:                   2700  0.187898829375544     
   3.19261851148055     
 #slice data saved at                   2700  0.187898829375544     
 #max vel:                  2800  0.194858421665809        3.66249951222461     
 #flow energy:                   2800  0.194858421665809     
  5.079459506860382E-002
 #total mass:                   2800  0.194858421665809     
   3.19261851146856     
 #slice data saved at                   2800  0.194858421665809     
 #max vel:                  2900  0.201818029555537        3.56978395240376     
 #flow energy:                   2900  0.201818029555537     
  4.879333734606960E-002
 #total mass:                   2900  0.201818029555537     
   3.19261851149265     
 #slice data saved at                   2900  0.201818029555537     
 #max vel:                  3000  0.208777662335045        3.44405139082927     
 #flow energy:                   3000  0.208777662335045     
  4.689485125185117E-002
 #total mass:                   3000  0.208777662335045     
   3.19261851163001     
 #slice data saved at                   3000  0.208777662335045     
 > dt =   6.959673146353985E-005
 > dt =   6.959673146353985E-005
 > dt =   6.959634663049399E-005
 > dt =   6.959634663049399E-005
 > dt =   6.959634663049399E-005
 > dt =   6.959634663049399E-005
 > dt =   6.959673146353985E-005
 > dt =   6.959673146353985E-005
 > dt =   6.959749840989131E-005
 > dt =   6.959749840989135E-005
 > dt =   6.959749840989122E-005
 > dt =   6.959749840989131E-005
 #max vel:                  3100  0.215737304274419        3.31231194710240     
 #flow energy:                   3100  0.215737304274419     
  4.512367455345461E-002
 #total mass:                   3100  0.215737304274419     
   3.19261851147061     
 #slice data saved at                   3100  0.215737304274419     
 #max vel:                  3200  0.222696955899110        3.18899839167539     
 #flow energy:                   3200  0.222696955899110     
  4.347304682948441E-002
 #total mass:                   3200  0.222696955899110     
   3.19261851168669     
 #slice data saved at                   3200  0.222696955899110     
 #max vel:                  3300  0.229656613987600        3.10616838046264     
 #flow energy:                   3300  0.229656613987600     
  4.192140224065639E-002
 #total mass:                   3300  0.229656613987600     
   3.19261851163821     
 #slice data saved at                   3300  0.229656613987600     
 #max vel:                  3400  0.236616275541353        3.01750644395695     
 #flow energy:                   3400  0.236616275541353     
  4.043922727690060E-002
 #total mass:                   3400  0.236616275541353     
   3.19261851165045     
 #slice data saved at                   3400  0.236616275541353     
 #max vel:                  3500  0.243575944909243        2.91708229718231     
 #flow energy:                   3500  0.243575944909243     
  3.902753188299977E-002
 #total mass:                   3500  0.243575944909243     
   3.19261851176837     
 #slice data saved at                   3500  0.243575944909243     
 #max vel:                  3600  0.250535616907050        2.81851846199582     
 #flow energy:                   3600  0.250535616907050     
  3.770510427813692E-002
 #total mass:                   3600  0.250535616907050     
   3.19261851164356     
 #slice data saved at                   3600  0.250535616907050     
 #max vel:                  3700  0.257495294512634        2.72255599075542     
 #flow energy:                   3700  0.257495294512634     
  3.646407980423465E-002
 #total mass:                   3700  0.257495294512634     
   3.19261851179703     
 #slice data saved at                   3700  0.257495294512634     
 #max vel:                  3800  0.264454975185942        2.65493080404493     
 #flow energy:                   3800  0.264454975185942     
  3.528804734862690E-002
 #total mass:                   3800  0.264454975185942     
   3.19261851176867     
 #slice data saved at                   3800  0.264454975185942     
 #max vel:                  3900  0.271414660337478        2.58689530652418     
 #flow energy:                   3900  0.271414660337478     
  3.415933366513964E-002
 #total mass:                   3900  0.271414660337478     
   3.19261851176371     
 #slice data saved at                   3900  0.271414660337478     
 #max vel:                  4000  0.278374347675418        2.51306623830003     
 #flow energy:                   4000  0.278374347675418     
  3.308136597298993E-002
 #total mass:                   4000  0.278374347675418     
   3.19261851185727     
 elappsed time   376.896703000000     
 elappsed time   376.904701000000     
 elappsed time   376.896703000000     
 elappsed time   376.888704000000     
 elappsed time   376.913701000000     
 elappsed time   376.919699000000     
 elappsed time   376.910701000000     
 #slice data saved at                   4000  0.278374347675418     
 elappsed time   376.845710000000     
 elappsed time   376.907701000000     
 elappsed time   376.908701000000     
 elappsed time   376.904703000000     
 elappsed time   376.891704000000     
 ##########################
 # Successfully finished. #
 ##########################
 ##########################
 # Successfully finished. #
 ##########################
 ##########################
 # Successfully finished. #
 ##########################
 ##########################
 # Successfully finished. #
 ##########################
 ##########################
 ##########################
 # Successfully finished. #
 ##########################
 ##########################
 # Successfully finished. #
 ##########################
 ##########################
 # Successfully finished. #
 ##########################
 ##########################
 # Successfully finished. #
 ##########################
 ##########################
 # Successfully finished. #
 ##########################
 ##########################
 # Successfully finished. #
 ##########################
 ##########################
 # Successfully finished. #
 ##########################
 # Successfully finished. #
 ##########################

----------- job ends on Sat Jan 2 15:25:03 JST 2021 ----------
